<?xml version="1.0" encoding="UTF-8"?>
<testsuites name="jest tests" tests="1" failures="1" errors="0" time="0.777">
  <testsuite name="Field Generator" errors="0" failures="1" skipped="0" timestamp="2023-03-23T16:28:21" time="0.728" tests="1">
    <testcase classname="Field Generator Empty field gnerator test 2*2" name="Field Generator Empty field gnerator test 2*2" time="0.003">
      <failure>Error: expect(received).toStrictEqual(expected) // deep equality

- Expected  - 8
+ Received  + 1

  Array [
-   Array [
-     0,
-     0,
-   ],
-   Array [
-     0,
-     0,
-   ],
+   Array [],
  ]
    at Object.&lt;anonymous&gt; (/Users/alinad/Desktop/bench/minesweeper/src/components/Field.test.ts:8:43)
    at Promise.then.completed (/Users/alinad/Desktop/bench/minesweeper/node_modules/jest-circus/build/utils.js:293:28)
    at new Promise (&lt;anonymous&gt;)
    at callAsyncCircusFn (/Users/alinad/Desktop/bench/minesweeper/node_modules/jest-circus/build/utils.js:226:10)
    at _callCircusTest (/Users/alinad/Desktop/bench/minesweeper/node_modules/jest-circus/build/run.js:297:40)
    at processTicksAndRejections (node:internal/process/task_queues:95:5)
    at async _runTest (/Users/alinad/Desktop/bench/minesweeper/node_modules/jest-circus/build/run.js:233:3)
    at async _runTestsForDescribeBlock (/Users/alinad/Desktop/bench/minesweeper/node_modules/jest-circus/build/run.js:135:9)
    at async _runTestsForDescribeBlock (/Users/alinad/Desktop/bench/minesweeper/node_modules/jest-circus/build/run.js:130:9)
    at async _runTestsForDescribeBlock (/Users/alinad/Desktop/bench/minesweeper/node_modules/jest-circus/build/run.js:130:9)
    at async run (/Users/alinad/Desktop/bench/minesweeper/node_modules/jest-circus/build/run.js:68:3)
    at async runAndTransformResultsToJestFormat (/Users/alinad/Desktop/bench/minesweeper/node_modules/jest-circus/build/legacy-code-todo-rewrite/jestAdapterInit.js:122:21)
    at async jestAdapter (/Users/alinad/Desktop/bench/minesweeper/node_modules/jest-circus/build/legacy-code-todo-rewrite/jestAdapter.js:79:19)
    at async runTestInternal (/Users/alinad/Desktop/bench/minesweeper/node_modules/jest-runner/build/runTest.js:367:16)
    at async runTest (/Users/alinad/Desktop/bench/minesweeper/node_modules/jest-runner/build/runTest.js:444:34)</failure>
    </testcase>
  </testsuite>
</testsuites>